23:10:41.039 [main] INFO  factory.BaseClass - Clicked on Buisness
23:10:41.455 [main] INFO  factory.BaseClass - Entered first name
23:10:41.797 [main] INFO  factory.BaseClass - Entered last name
23:10:42.038 [main] INFO  factory.BaseClass - Entered email 
23:10:42.284 [main] INFO  factory.BaseClass - Entered phone no 
23:10:42.483 [main] INFO  factory.BaseClass - Entered title
23:10:42.880 [main] INFO  factory.BaseClass - Entered expected learner
23:10:43.196 [main] INFO  factory.BaseClass - Entered country
23:10:43.560 [main] INFO  factory.BaseClass - Entered state
23:10:43.979 [main] INFO  factory.BaseClass - Entered needs
23:10:44.229 [main] INFO  factory.BaseClass - submitted the form
23:11:10.253 [main] INFO  factory.BaseClass - Clicked search button
23:11:10.657 [main] INFO  factory.BaseClass - Entered language Learning and pressed enter
23:11:11.367 [main] INFO  factory.BaseClass - printed count of languages
23:11:12.647 [main] INFO  factory.BaseClass - printed languages
23:11:12.688 [main] INFO  factory.BaseClass - printed count of levels 
23:11:12.804 [main] INFO  factory.BaseClass - printed levels
23:11:13.309 [main] INFO  factory.BaseClass - Printed course rating
23:13:49.510 [main] INFO  factory.BaseClass - Clicked on search button and entered webdev
23:13:55.357 [main] INFO  factory.BaseClass - Clicked on enter
23:13:55.897 [main] INFO  factory.BaseClass - Applied language filter
23:13:56.280 [main] INFO  factory.BaseClass - Applied level filter
23:13:59.831 [main] INFO  factory.BaseClass - Printed course name
23:14:01.280 [main] INFO  factory.BaseClass - Printed course rating
23:14:26.438 [main] INFO  factory.BaseClass - Clicked on Buisness
23:14:26.682 [main] INFO  factory.BaseClass - Entered first name
23:14:26.939 [main] INFO  factory.BaseClass - Entered last name
23:14:27.148 [main] INFO  factory.BaseClass - Entered email 
23:14:27.383 [main] INFO  factory.BaseClass - Entered phone no 
23:14:27.580 [main] INFO  factory.BaseClass - Entered title
23:14:27.907 [main] INFO  factory.BaseClass - Entered expected learner
23:14:28.205 [main] INFO  factory.BaseClass - Entered country
23:14:28.505 [main] INFO  factory.BaseClass - Entered state
23:14:28.781 [main] INFO  factory.BaseClass - Entered needs
23:14:29.016 [main] INFO  factory.BaseClass - submitted the form
23:28:01.272 [main] INFO  factory.BaseClass - Clicked on search button and entered webdev
23:28:07.388 [main] INFO  factory.BaseClass - Clicked on enter
23:28:08.137 [main] INFO  factory.BaseClass - Applied language filter
23:28:09.192 [main] INFO  factory.BaseClass - Applied level filter
23:28:12.792 [main] INFO  factory.BaseClass - Printed course name
23:28:14.373 [main] INFO  factory.BaseClass - Printed course rating
23:31:31.094 [main] INFO  factory.BaseClass - Clicked on search button and entered webdev
23:31:37.589 [main] INFO  factory.BaseClass - Clicked on enter
23:31:38.287 [main] INFO  factory.BaseClass - Applied language filter
23:31:40.550 [main] INFO  factory.BaseClass - Applied level filter
23:31:43.936 [main] INFO  factory.BaseClass - Printed course name
23:31:45.390 [main] INFO  factory.BaseClass - Printed course rating
23:34:27.418 [main] INFO  factory.BaseClass - Clicked on search button and entered webdev
23:34:31.590 [main] INFO  factory.BaseClass - Clicked on enter
23:34:31.969 [main] INFO  factory.BaseClass - Applied language filter
23:34:32.256 [main] INFO  factory.BaseClass - Applied level filter
23:34:35.027 [main] INFO  factory.BaseClass - Printed course name
23:34:35.850 [main] INFO  factory.BaseClass - Printed course rating
23:42:48.794 [main] INFO  factory.BaseClass - Clicked on search button and entered webdev
23:42:52.566 [main] INFO  factory.BaseClass - Clicked on enter
23:42:52.926 [main] INFO  factory.BaseClass - Applied language filter
23:42:53.342 [main] INFO  factory.BaseClass - Applied level filter
23:42:56.291 [main] INFO  factory.BaseClass - Printed course name
23:42:57.345 [main] INFO  factory.BaseClass - Printed course rating
23:47:04.793 [main] INFO  factory.BaseClass - Clicked on search button and entered webdev
23:47:08.550 [main] INFO  factory.BaseClass - Clicked on enter
23:47:08.956 [main] INFO  factory.BaseClass - Applied language filter
23:47:09.621 [main] INFO  factory.BaseClass - Applied level filter
23:47:12.455 [main] INFO  factory.BaseClass - Printed course name
23:47:13.372 [main] INFO  factory.BaseClass - Printed course rating
23:53:21.782 [main] INFO  factory.BaseClass - Clicked on search button and entered webdev
23:53:26.810 [main] INFO  factory.BaseClass - Clicked on enter
23:53:27.512 [main] INFO  factory.BaseClass - Applied language filter
23:53:29.904 [main] INFO  factory.BaseClass - Applied level filter
23:53:33.288 [main] INFO  factory.BaseClass - Printed course name
23:53:34.812 [main] INFO  factory.BaseClass - Printed course rating
23:54:20.176 [main] INFO  factory.BaseClass - Clicked on search button and entered webdev
