10:40:39.336 [main] INFO  factory.BaseClass - Applied language filter
10:40:39.884 [main] INFO  factory.BaseClass - Applied level filter
10:40:42.758 [main] INFO  factory.BaseClass - Printed course name
10:40:43.752 [main] INFO  factory.BaseClass - Printed course rating
10:41:11.121 [main] INFO  factory.BaseClass - Clicked on Buisness
10:41:11.495 [main] INFO  factory.BaseClass - Entered first name
10:41:11.871 [main] INFO  factory.BaseClass - Entered last name
10:41:12.136 [main] INFO  factory.BaseClass - Entered email 
10:41:12.405 [main] INFO  factory.BaseClass - Entered phone no 
10:41:12.606 [main] INFO  factory.BaseClass - Entered title
10:41:12.891 [main] INFO  factory.BaseClass - Entered expected learner
10:41:13.210 [main] INFO  factory.BaseClass - Entered country
10:41:13.553 [main] INFO  factory.BaseClass - Entered state
10:41:13.842 [main] INFO  factory.BaseClass - Entered needs
10:41:14.081 [main] INFO  factory.BaseClass - submitted the form
10:41:17.168 [main] INFO  factory.BaseClass - Got the warning message
10:41:36.148 [main] INFO  factory.BaseClass - Clicked search button
10:41:36.571 [main] INFO  factory.BaseClass - Entered language Learning and pressed enter
10:41:38.067 [main] INFO  factory.BaseClass - printed count of languages
10:41:41.478 [main] INFO  factory.BaseClass - printed languages
10:41:41.516 [main] INFO  factory.BaseClass - printed count of levels 
10:41:41.972 [main] INFO  factory.BaseClass - printed levels
