10:27:24.858 [main] INFO  factory.BaseClass - printed count of languages
10:27:44.899 [main] INFO  factory.BaseClass - printed languages
10:27:45.273 [main] INFO  factory.BaseClass - printed count of levels 
10:27:45.995 [main] INFO  factory.BaseClass - printed levels
10:27:47.219 [main] INFO  Testcases.LanguageLearning - browser closed successfully....
10:27:50.551 [main] INFO  Testcases.ForEnterprise - chrome browser opened successfully
10:27:53.150 [main] INFO  Testcases.ForEnterprise - Base Page loaded sucessfully.......
10:28:00.974 [main] INFO  factory.BaseClass - Clicked on Buisness
10:28:01.189 [main] INFO  factory.BaseClass - Entered first name
10:28:01.400 [main] INFO  factory.BaseClass - Entered last name
10:28:01.555 [main] INFO  factory.BaseClass - Entered email 
10:28:01.676 [main] INFO  factory.BaseClass - Entered phone no 
10:28:01.803 [main] INFO  factory.BaseClass - Entered title
10:28:02.024 [main] INFO  factory.BaseClass - Entered expected learner
10:28:02.233 [main] INFO  factory.BaseClass - Entered country
10:28:02.424 [main] INFO  factory.BaseClass - Entered state
10:28:02.609 [main] INFO  factory.BaseClass - Entered needs
10:28:02.941 [main] INFO  factory.BaseClass - submitted the form
10:28:07.428 [main] INFO  Testcases.ForEnterprise - browser closed successfully....
10:30:26.399 [main] INFO  factory.BaseClass - Clicked on search button and entered webdev
10:30:31.859 [main] INFO  factory.BaseClass - Clicked on enter
10:30:32.296 [main] INFO  factory.BaseClass - Applied language filter
10:30:32.751 [main] INFO  factory.BaseClass - Applied level filter
10:30:34.799 [main] INFO  factory.BaseClass - Printed course name
10:30:35.855 [main] INFO  factory.BaseClass - Printed course rating
10:30:58.782 [main] INFO  factory.BaseClass - Clicked on Buisness
10:30:59.318 [main] INFO  factory.BaseClass - Entered first name
10:30:59.658 [main] INFO  factory.BaseClass - Entered last name
10:30:59.860 [main] INFO  factory.BaseClass - Entered email 
10:31:00.058 [main] INFO  factory.BaseClass - Entered phone no 
10:31:00.245 [main] INFO  factory.BaseClass - Entered title
10:31:00.477 [main] INFO  factory.BaseClass - Entered expected learner
10:31:00.715 [main] INFO  factory.BaseClass - Entered country
10:31:00.931 [main] INFO  factory.BaseClass - Entered state
10:31:01.135 [main] INFO  factory.BaseClass - Entered needs
10:31:01.298 [main] INFO  factory.BaseClass - submitted the form
10:31:04.355 [main] INFO  factory.BaseClass - Got the warning message
10:31:19.333 [main] INFO  factory.BaseClass - Clicked search button
10:31:19.611 [main] INFO  factory.BaseClass - Entered language Learning and pressed enter
10:31:20.480 [main] INFO  factory.BaseClass - printed count of languages
10:32:28.233 [main] INFO  factory.BaseClass - Clicked search button
10:32:28.496 [main] INFO  factory.BaseClass - Entered language Learning and pressed enter
10:32:28.779 [main] INFO  factory.BaseClass - printed count of languages
10:32:31.189 [main] INFO  factory.BaseClass - printed languages
10:32:31.210 [main] INFO  factory.BaseClass - printed count of levels 
10:32:31.482 [main] INFO  factory.BaseClass - printed levels
10:38:32.513 [main] INFO  factory.BaseClass - Clicked search button
10:38:32.740 [main] INFO  factory.BaseClass - Entered language Learning and pressed enter
10:38:33.573 [main] INFO  factory.BaseClass - printed count of languages
10:39:09.128 [main] INFO  factory.BaseClass - Clicked on search button and entered webdev
10:39:13.464 [main] INFO  factory.BaseClass - Clicked on enter
10:39:14.112 [main] INFO  factory.BaseClass - Applied language filter
10:39:15.713 [main] INFO  factory.BaseClass - Applied level filter
10:39:18.487 [main] INFO  factory.BaseClass - Printed course name
10:39:19.394 [main] INFO  factory.BaseClass - Printed course rating
10:39:40.880 [main] INFO  factory.BaseClass - Clicked on Buisness
10:39:41.048 [main] INFO  factory.BaseClass - Entered first name
10:39:41.221 [main] INFO  factory.BaseClass - Entered last name
10:39:41.346 [main] INFO  factory.BaseClass - Entered email 
10:39:41.473 [main] INFO  factory.BaseClass - Entered phone no 
10:39:41.591 [main] INFO  factory.BaseClass - Entered title
10:39:41.804 [main] INFO  factory.BaseClass - Entered expected learner
10:39:42.042 [main] INFO  factory.BaseClass - Entered country
10:39:42.238 [main] INFO  factory.BaseClass - Entered state
10:39:42.428 [main] INFO  factory.BaseClass - Entered needs
10:39:42.574 [main] INFO  factory.BaseClass - submitted the form
10:39:45.761 [main] INFO  factory.BaseClass - Got the warning message
10:40:02.890 [main] INFO  factory.BaseClass - Clicked search button
10:40:03.129 [main] INFO  factory.BaseClass - Entered language Learning and pressed enter
10:40:03.705 [main] INFO  factory.BaseClass - printed count of languages
10:40:34.144 [main] INFO  factory.BaseClass - Clicked on search button and entered webdev
10:40:38.882 [main] INFO  factory.BaseClass - Clicked on enter
