11:52:06.895 [main] INFO  Testcases.LanguageLearning - Base Page loaded sucessfully.......
11:52:13.546 [main] INFO  factory.BaseClass - Clicked search button
11:52:13.841 [main] INFO  factory.BaseClass - Entered language Learning and pressed enter
11:52:14.509 [main] INFO  factory.BaseClass - printed count of languages
11:52:17.063 [main] INFO  factory.BaseClass - printed languages
11:52:17.477 [main] INFO  factory.BaseClass - printed count of levels 
11:52:17.804 [main] INFO  factory.BaseClass - printed levels
11:52:19.038 [main] INFO  Testcases.LanguageLearning - browser closed successfully....
11:52:23.029 [main] INFO  Testcases.ForEnterprise - chrome browser opened successfully
11:52:30.661 [main] INFO  Testcases.ForEnterprise - Base Page loaded sucessfully.......
11:52:39.095 [main] INFO  factory.BaseClass - Clicked on Buisness
11:52:39.296 [main] INFO  factory.BaseClass - Entered first name
11:52:39.599 [main] INFO  factory.BaseClass - Entered last name
11:52:39.786 [main] INFO  factory.BaseClass - Entered email 
11:52:39.939 [main] INFO  factory.BaseClass - Entered phone no 
11:52:40.093 [main] INFO  factory.BaseClass - Entered title
11:52:40.301 [main] INFO  factory.BaseClass - Entered expected learner
11:52:40.554 [main] INFO  factory.BaseClass - Entered country
11:52:40.779 [main] INFO  factory.BaseClass - Entered state
11:52:41.006 [main] INFO  factory.BaseClass - Entered needs
11:52:41.392 [main] INFO  factory.BaseClass - submitted the form
11:52:45.859 [main] INFO  Testcases.ForEnterprise - browser closed successfully....
11:56:39.365 [main] INFO  Testcases.CourseSearch - chrome browser opened successfully
11:56:41.845 [main] INFO  Testcases.CourseSearch - Base Page loaded sucessfully.......
11:56:43.263 [main] INFO  factory.BaseClass - HomePage Title is verified
11:56:43.992 [main] INFO  factory.BaseClass - Clicked on search button and entered webdev
11:56:49.115 [main] INFO  factory.BaseClass - Clicked on enter
11:56:49.220 [main] INFO  factory.BaseClass - WebDev page Title is verified
11:56:49.507 [main] INFO  factory.BaseClass - Applied language filter
11:56:53.388 [main] INFO  factory.BaseClass - Applied level filter
11:57:13.419 [main] INFO  factory.BaseClass - Printed course name
11:57:14.935 [main] INFO  factory.BaseClass - Printed course rating
11:57:16.097 [main] INFO  Testcases.CourseSearch - browser closed successfully....
11:57:21.015 [main] INFO  Testcases.LanguageLearning - chrome browser opened successfully
11:57:29.502 [main] INFO  Testcases.LanguageLearning - Base Page loaded sucessfully.......
11:57:34.431 [main] INFO  factory.BaseClass - Clicked search button
11:57:34.742 [main] INFO  factory.BaseClass - Entered language Learning and pressed enter
11:57:35.427 [main] INFO  factory.BaseClass - printed count of languages
11:57:59.378 [main] INFO  Testcases.LanguageLearning - browser closed successfully....
11:58:03.206 [main] INFO  Testcases.ForEnterprise - chrome browser opened successfully
11:58:05.958 [main] INFO  Testcases.ForEnterprise - Base Page loaded sucessfully.......
11:58:14.995 [main] INFO  factory.BaseClass - Clicked on Buisness
11:58:15.217 [main] INFO  factory.BaseClass - Entered first name
11:58:15.441 [main] INFO  factory.BaseClass - Entered last name
11:58:15.594 [main] INFO  factory.BaseClass - Entered email 
11:58:15.748 [main] INFO  factory.BaseClass - Entered phone no 
11:58:15.904 [main] INFO  factory.BaseClass - Entered title
11:58:16.141 [main] INFO  factory.BaseClass - Entered expected learner
11:58:16.385 [main] INFO  factory.BaseClass - Entered country
11:58:16.586 [main] INFO  factory.BaseClass - Entered state
11:58:16.806 [main] INFO  factory.BaseClass - Entered needs
11:58:17.188 [main] INFO  factory.BaseClass - submitted the form
11:58:21.858 [main] INFO  Testcases.ForEnterprise - browser closed successfully....
12:01:53.377 [main] INFO  Testcases.CourseSearch - chrome browser opened successfully
12:02:01.205 [main] INFO  Testcases.CourseSearch - Base Page loaded sucessfully.......
12:02:01.758 [main] INFO  factory.BaseClass - HomePage Title is verified
12:02:01.891 [main] INFO  factory.BaseClass - Clicked on search button and entered webdev
12:02:05.687 [main] INFO  factory.BaseClass - Clicked on enter
12:02:05.783 [main] INFO  factory.BaseClass - WebDev page Title is verified
12:02:06.203 [main] INFO  factory.BaseClass - Applied language filter
12:02:08.495 [main] INFO  factory.BaseClass - Applied level filter
12:02:28.523 [main] INFO  factory.BaseClass - Printed course name
12:02:29.708 [main] INFO  factory.BaseClass - Printed course rating
12:02:30.832 [main] INFO  Testcases.CourseSearch - browser closed successfully....
12:02:34.576 [main] INFO  Testcases.LanguageLearning - chrome browser opened successfully
12:02:37.605 [main] INFO  Testcases.LanguageLearning - Base Page loaded sucessfully.......
12:02:43.705 [main] INFO  factory.BaseClass - Clicked search button
12:02:43.955 [main] INFO  factory.BaseClass - Entered language Learning and pressed enter
